#
# There is insufficient memory for the Java Runtime Environment to continue.
# Native memory allocation (malloc) failed to allocate 568336 bytes for Chunk::new
# Possible reasons:
#   The system is out of physical RAM or swap space
#   In 32 bit mode, the process size limit was hit
# Possible solutions:
#   Reduce memory load on the system
#   Increase physical memory or swap space
#   Check if swap backing store is full
#   Use 64 bit Java on a 64 bit OS
#   Decrease Java heap size (-Xmx/-Xms)
#   Decrease number of Java threads
#   Decrease Java thread stack sizes (-Xss)
#   Set larger code cache with -XX:ReservedCodeCacheSize=
# This output file may be truncated or incomplete.
#
#  Out of Memory Error (allocation.cpp:390), pid=14252, tid=0x0000000000000b50
#
# JRE version: Java(TM) SE Runtime Environment (8.0_131-b11) (build 1.8.0_131-b11)
# Java VM: Java HotSpot(TM) 64-Bit Server VM (25.131-b11 mixed mode windows-amd64 compressed oops)
# Failed to write core dump. Minidumps are not enabled by default on client versions of Windows
#

---------------  T H R E A D  ---------------

Current thread (0x000000001e88f800):  JavaThread "C2 CompilerThread0" daemon [_thread_in_native, id=2896, stack(0x000000001f050000,0x000000001f150000)]

Stack: [0x000000001f050000,0x000000001f150000]
[error occurred during error reporting (printing stack bounds), id 0xc0000005]

Native frames: (J=compiled Java code, j=interpreted, Vv=VM code, C=native code)


Current CompileTask:
C2:   3142 2382 %     4       com.android.dx.ssa.SCCP::run @ 133 (298 bytes)


---------------  P R O C E S S  ---------------

Java Threads: ( => current thread )
  0x000000001fb88000 JavaThread "pool-2-thread-4" [_thread_in_Java, id=10388, stack(0x0000000021220000,0x0000000021320000)]
  0x000000001fb84800 JavaThread "pool-2-thread-3" [_thread_in_Java, id=772, stack(0x0000000021120000,0x0000000021220000)]
  0x000000001ff38000 JavaThread "pool-2-thread-2" [_thread_in_Java, id=14220, stack(0x0000000021020000,0x0000000021120000)]
  0x000000001fe4c800 JavaThread "pool-3-thread-1" [_thread_blocked, id=12992, stack(0x0000000020f20000,0x0000000021020000)]
  0x000000001fe4b800 JavaThread "pool-2-thread-1" [_thread_in_Java, id=14580, stack(0x0000000020e20000,0x0000000020f20000)]
  0x000000001e97a000 JavaThread "Service Thread" daemon [_thread_blocked, id=8988, stack(0x000000001f450000,0x000000001f550000)]
  0x000000001e8e2000 JavaThread "C1 CompilerThread3" daemon [_thread_blocked, id=16680, stack(0x000000001f350000,0x000000001f450000)]
  0x000000001e8dd000 JavaThread "C2 CompilerThread2" daemon [_thread_in_native, id=5820, stack(0x000000001f250000,0x000000001f350000)]
  0x000000001e896000 JavaThread "C2 CompilerThread1" daemon [_thread_in_native, id=2056, stack(0x000000001f150000,0x000000001f250000)]
=>0x000000001e88f800 JavaThread "C2 CompilerThread0" daemon [_thread_in_native, id=2896, stack(0x000000001f050000,0x000000001f150000)]
  0x000000001e88c800 JavaThread "Attach Listener" daemon [_thread_blocked, id=10332, stack(0x000000001ef50000,0x000000001f050000)]
  0x000000001e8dc800 JavaThread "Signal Dispatcher" daemon [_thread_blocked, id=16356, stack(0x000000001ee50000,0x000000001ef50000)]
  0x0000000002e58800 JavaThread "Finalizer" daemon [_thread_blocked, id=10344, stack(0x000000001ec60000,0x000000001ed60000)]
  0x000000001c97d800 JavaThread "Reference Handler" daemon [_thread_blocked, id=10368, stack(0x000000001e760000,0x000000001e860000)]
  0x0000000002d5d800 JavaThread "main" [_thread_in_Java, id=6060, stack(0x0000000002bd0000,0x0000000002cd0000)]

Other Threads:
  0x000000001c978800 VMThread [stack: 0x000000001e660000,0x000000001e760000] [id=17016]
  0x000000001e9ea800 WatcherThread [stack: 0x000000001f550000,0x000000001f650000] [id=9480]

VM state:not at safepoint (normal execution)

VM Mutex/Monitor currently owned by a thread: None

Heap:
 PSYoungGen      total 446464K, used 111274K [0x000000076ab00000, 0x000000078ae80000, 0x00000007c0000000)
  eden space 391168K, 18% used [0x000000076ab00000,0x000000076f1cb850,0x0000000782900000)
  from space 55296K, 70% used [0x0000000786780000,0x0000000788d5f000,0x0000000789d80000)
  to   space 64000K, 0% used [0x0000000782900000,0x0000000782900000,0x0000000786780000)
 ParOldGen       total 166400K, used 87523K [0x00000006c0000000, 0x00000006ca280000, 0x000000076ab00000)
  object space 166400K, 52% used [0x00000006c0000000,0x00000006c5578ec0,0x00000006ca280000)
 Metaspace       used 6608K, capacity 7320K, committed 7680K, reserved 1056768K
  class space    used 634K, capacity 656K, committed 768K, reserved 1048576K

Card table byte_map: [0x0000000012220000,0x0000000012a30000] byte_map_base: 0x000000000ec20000

Marking Bits: (ParMarkBitMap*) 0x00000000704ac720
 Begin Bits: [0x0000000013790000, 0x0000000017790000)
 End Bits:   [0x0000000017790000, 0x000000001b790000)

Polling page: 0x0000000001600000

CodeCache: size=245760Kb used=9702Kb max_used=9702Kb free=236057Kb
 bounds [0x0000000002e60000, 0x00000000037f0000, 0x0000000011e60000]
 total_blobs=2521 nmethods=2257 adapters=176
 compilation: enabled

Compilation events (10 events):
Event: 3.104 Thread 0x000000001e8e2000 2392       2       com.android.dx.ssa.Dominators$DfsWalker::<init> (6 bytes)
Event: 3.104 Thread 0x000000001e8e2000 nmethod 2392 0x00000000037aeb90 code [0x00000000037aece0, 0x00000000037aee50]
Event: 3.104 Thread 0x000000001e8e2000 2393       3       com.android.dx.cf.code.Ropper::addSetupBlocks (535 bytes)
Event: 3.112 Thread 0x000000001e8e2000 nmethod 2393 0x00000000037d0b50 code [0x00000000037d15e0, 0x00000000037d9a08]
Event: 3.112 Thread 0x000000001e8e2000 2395       3       com.android.dx.cf.code.Frame::initializeWithParameters (49 bytes)
Event: 3.112 Thread 0x000000001e8e2000 nmethod 2395 0x00000000037cabd0 code [0x00000000037cad80, 0x00000000037cb4a8]
Event: 3.112 Thread 0x000000001e8e2000 2394       2       com.android.dx.ssa.Dominators$DfsWalker::<init> (15 bytes)
Event: 3.113 Thread 0x000000001e8e2000 nmethod 2394 0x00000000037ae850 code [0x00000000037ae9a0, 0x00000000037aeb10]
Event: 3.129 Thread 0x000000001e8e2000 2397       3       com.android.dx.ssa.back.FirstFitLocalCombiningAllocator::processPhiInsn (255 bytes)
Event: 3.132 Thread 0x000000001e8e2000 nmethod 2397 0x00000000037e0f10 code [0x00000000037e12e0, 0x00000000037e3778]

GC Heap History (10 events):
Event: 1.361 GC heap before
{Heap before GC invocations=7 (full 0):
 PSYoungGen      total 147456K, used 145482K [0x000000076ab00000, 0x0000000775500000, 0x00000007c0000000)
  eden space 130048K, 100% used [0x000000076ab00000,0x0000000772a00000,0x0000000772a00000)
  from space 17408K, 88% used [0x0000000773e00000,0x0000000774d12af0,0x0000000774f00000)
  to   space 20480K, 0% used [0x0000000772a00000,0x0000000772a00000,0x0000000773e00000)
 ParOldGen       total 87552K, used 19249K [0x00000006c0000000, 0x00000006c5580000, 0x000000076ab00000)
  object space 87552K, 21% used [0x00000006c0000000,0x00000006c12cc568,0x00000006c5580000)
 Metaspace       used 6541K, capacity 7256K, committed 7424K, reserved 1056768K
  class space    used 633K, capacity 656K, committed 768K, reserved 1048576K
Event: 1.382 GC heap after
Heap after GC invocations=7 (full 0):
 PSYoungGen      total 150528K, used 20462K [0x000000076ab00000, 0x000000077e600000, 0x00000007c0000000)
  eden space 130048K, 0% used [0x000000076ab00000,0x000000076ab00000,0x0000000772a00000)
  from space 20480K, 99% used [0x0000000772a00000,0x0000000773dfb970,0x0000000773e00000)
  to   space 31232K, 0% used [0x000000077c780000,0x000000077c780000,0x000000077e600000)
 ParOldGen       total 87552K, used 32612K [0x00000006c0000000, 0x00000006c5580000, 0x000000076ab00000)
  object space 87552K, 37% used [0x00000006c0000000,0x00000006c1fd92b8,0x00000006c5580000)
 Metaspace       used 6541K, capacity 7256K, committed 7424K, reserved 1056768K
  class space    used 633K, capacity 656K, committed 768K, reserved 1048576K
}
Event: 1.675 GC heap before
{Heap before GC invocations=8 (full 0):
 PSYoungGen      total 150528K, used 150510K [0x000000076ab00000, 0x000000077e600000, 0x00000007c0000000)
  eden space 130048K, 100% used [0x000000076ab00000,0x0000000772a00000,0x0000000772a00000)
  from space 20480K, 99% used [0x0000000772a00000,0x0000000773dfb970,0x0000000773e00000)
  to   space 31232K, 0% used [0x000000077c780000,0x000000077c780000,0x000000077e600000)
 ParOldGen       total 87552K, used 32612K [0x00000006c0000000, 0x00000006c5580000, 0x000000076ab00000)
  object space 87552K, 37% used [0x00000006c0000000,0x00000006c1fd92b8,0x00000006c5580000)
 Metaspace       used 6562K, capacity 7320K, committed 7680K, reserved 1056768K
  class space    used 633K, capacity 656K, committed 768K, reserved 1048576K
Event: 1.706 GC heap after
Heap after GC invocations=8 (full 0):
 PSYoungGen      total 281088K, used 31208K [0x000000076ab00000, 0x000000077fa00000, 0x00000007c0000000)
  eden space 249856K, 0% used [0x000000076ab00000,0x000000076ab00000,0x0000000779f00000)
  from space 31232K, 99% used [0x000000077c780000,0x000000077e5fa1a8,0x000000077e600000)
  to   space 41472K, 0% used [0x0000000779f00000,0x0000000779f00000,0x000000077c780000)
 ParOldGen       total 87552K, used 41837K [0x00000006c0000000, 0x00000006c5580000, 0x000000076ab00000)
  object space 87552K, 47% used [0x00000006c0000000,0x00000006c28db7e8,0x00000006c5580000)
 Metaspace       used 6562K, capacity 7320K, committed 7680K, reserved 1056768K
  class space    used 633K, capacity 656K, committed 768K, reserved 1048576K
}
Event: 2.081 GC heap before
{Heap before GC invocations=9 (full 0):
 PSYoungGen      total 281088K, used 281064K [0x000000076ab00000, 0x000000077fa00000, 0x00000007c0000000)
  eden space 249856K, 100% used [0x000000076ab00000,0x0000000779f00000,0x0000000779f00000)
  from space 31232K, 99% used [0x000000077c780000,0x000000077e5fa1a8,0x000000077e600000)
  to   space 41472K, 0% used [0x0000000779f00000,0x0000000779f00000,0x000000077c780000)
 ParOldGen       total 87552K, used 41837K [0x00000006c0000000, 0x00000006c5580000, 0x000000076ab00000)
  object space 87552K, 47% used [0x00000006c0000000,0x00000006c28db7e8,0x00000006c5580000)
 Metaspace       used 6591K, capacity 7320K, committed 7680K, reserved 1056768K
  class space    used 634K, capacity 656K, committed 768K, reserved 1048576K
Event: 2.123 GC heap after
Heap after GC invocations=9 (full 0):
 PSYoungGen      total 291328K, used 41450K [0x000000076ab00000, 0x0000000789d80000, 0x00000007c0000000)
  eden space 249856K, 0% used [0x000000076ab00000,0x000000076ab00000,0x0000000779f00000)
  from space 41472K, 99% used [0x0000000779f00000,0x000000077c77ab58,0x000000077c780000)
  to   space 55296K, 0% used [0x0000000786780000,0x0000000786780000,0x0000000789d80000)
 ParOldGen       total 87552K, used 57615K [0x00000006c0000000, 0x00000006c5580000, 0x000000076ab00000)
  object space 87552K, 65% used [0x00000006c0000000,0x00000006c3843cc0,0x00000006c5580000)
 Metaspace       used 6591K, capacity 7320K, committed 7680K, reserved 1056768K
  class space    used 634K, capacity 656K, committed 768K, reserved 1048576K
}
Event: 2.527 GC heap before
{Heap before GC invocations=10 (full 0):
 PSYoungGen      total 291328K, used 291306K [0x000000076ab00000, 0x0000000789d80000, 0x00000007c0000000)
  eden space 249856K, 100% used [0x000000076ab00000,0x0000000779f00000,0x0000000779f00000)
  from space 41472K, 99% used [0x0000000779f00000,0x000000077c77ab58,0x000000077c780000)
  to   space 55296K, 0% used [0x0000000786780000,0x0000000786780000,0x0000000789d80000)
 ParOldGen       total 87552K, used 57615K [0x00000006c0000000, 0x00000006c5580000, 0x000000076ab00000)
  object space 87552K, 65% used [0x00000006c0000000,0x00000006c3843cc0,0x00000006c5580000)
 Metaspace       used 6606K, capacity 7320K, committed 7680K, reserved 1056768K
  class space    used 634K, capacity 656K, committed 768K, reserved 1048576K
Event: 2.573 GC heap after
Heap after GC invocations=10 (full 0):
 PSYoungGen      total 446464K, used 52997K [0x000000076ab00000, 0x000000078ae80000, 0x00000007c0000000)
  eden space 391168K, 0% used [0x000000076ab00000,0x000000076ab00000,0x0000000782900000)
  from space 55296K, 95% used [0x0000000786780000,0x0000000789b41430,0x0000000789d80000)
  to   space 64000K, 0% used [0x0000000782900000,0x0000000782900000,0x0000000786780000)
 ParOldGen       total 87552K, used 80219K [0x00000006c0000000, 0x00000006c5580000, 0x000000076ab00000)
  object space 87552K, 91% used [0x00000006c0000000,0x00000006c4e56c40,0x00000006c5580000)
 Metaspace       used 6606K, capacity 7320K, committed 7680K, reserved 1056768K
  class space    used 634K, capacity 656K, committed 768K, reserved 1048576K
}
Event: 2.573 GC heap before
{Heap before GC invocations=11 (full 1):
 PSYoungGen      total 446464K, used 52997K [0x000000076ab00000, 0x000000078ae80000, 0x00000007c0000000)
  eden space 391168K, 0% used [0x000000076ab00000,0x000000076ab00000,0x0000000782900000)
  from space 55296K, 95% used [0x0000000786780000,0x0000000789b41430,0x0000000789d80000)
  to   space 64000K, 0% used [0x0000000782900000,0x0000000782900000,0x0000000786780000)
 ParOldGen       total 87552K, used 80219K [0x00000006c0000000, 0x00000006c5580000, 0x000000076ab00000)
  object space 87552K, 91% used [0x00000006c0000000,0x00000006c4e56c40,0x00000006c5580000)
 Metaspace       used 6606K, capacity 7320K, committed 7680K, reserved 1056768K
  class space    used 634K, capacity 656K, committed 768K, reserved 1048576K
Event: 3.035 GC heap after
Heap after GC invocations=11 (full 1):
 PSYoungGen      total 446464K, used 38780K [0x000000076ab00000, 0x000000078ae80000, 0x00000007c0000000)
  eden space 391168K, 0% used [0x000000076ab00000,0x000000076ab00000,0x0000000782900000)
  from space 55296K, 70% used [0x0000000786780000,0x0000000788d5f000,0x0000000789d80000)
  to   space 64000K, 0% used [0x0000000782900000,0x0000000782900000,0x0000000786780000)
 ParOldGen       total 166400K, used 87523K [0x00000006c0000000, 0x00000006ca280000, 0x000000076ab00000)
  object space 166400K, 52% used [0x00000006c0000000,0x00000006c5578ec0,0x00000006ca280000)
 Metaspace       used 6606K, capacity 7320K, committed 7680K, reserved 1056768K
  class space    used 634K, capacity 656K, committed 768K, reserved 1048576K
}

Deoptimization events (10 events):
Event: 1.251 Thread 0x000000001fb84800 Uncommon trap: reason=unstable_if action=reinterpret pc=0x00000000032209ec method=java.util.HashMap.getNode(ILjava/lang/Object;)Ljava/util/HashMap$Node; @ 84
Event: 1.291 Thread 0x000000001fe4b800 Uncommon trap: reason=bimorphic action=maybe_recompile pc=0x000000000361abb0 method=com.android.dx.rop.code.RegisterSpec.withSimpleType()Lcom/android/dx/rop/code/RegisterSpec; @ 21
Event: 1.292 Thread 0x000000001fe4b800 Uncommon trap: reason=bimorphic action=maybe_recompile pc=0x000000000361abb0 method=com.android.dx.rop.code.RegisterSpec.withSimpleType()Lcom/android/dx/rop/code/RegisterSpec; @ 21
Event: 1.303 Thread 0x000000001fe4b800 Uncommon trap: reason=bimorphic action=maybe_recompile pc=0x000000000361abb0 method=com.android.dx.rop.code.RegisterSpec.withSimpleType()Lcom/android/dx/rop/code/RegisterSpec; @ 21
Event: 1.304 Thread 0x000000001fe4b800 Uncommon trap: reason=bimorphic action=maybe_recompile pc=0x000000000361abb0 method=com.android.dx.rop.code.RegisterSpec.withSimpleType()Lcom/android/dx/rop/code/RegisterSpec; @ 21
Event: 1.654 Thread 0x000000001fe4b800 Uncommon trap: reason=unstable_if action=reinterpret pc=0x0000000003278f80 method=com.android.dx.dex.code.OutputFinisher.hasLocalInfo(Lcom/android/dx/dex/code/DalvInsn;)Z @ 24
Event: 1.662 Thread 0x000000001fe4b800 Uncommon trap: reason=unstable_if action=reinterpret pc=0x0000000003668144 method=java.util.HashMap.putVal(ILjava/lang/Object;Ljava/lang/Object;ZZ)Ljava/lang/Object; @ 109
Event: 1.967 Thread 0x000000001ff38000 Uncommon trap: reason=unstable_if action=reinterpret pc=0x00000000036b381c method=com.android.dx.ssa.SCCP.simulateBranch(Lcom/android/dx/ssa/SsaInsn;)V @ 548
Event: 2.048 Thread 0x0000000002d5d800 Uncommon trap: reason=unstable_if action=reinterpret pc=0x0000000003047b4c method=java.util.regex.Pattern$BnM.match(Ljava/util/regex/Matcher;ILjava/lang/CharSequence;)Z @ 34
Event: 2.048 Thread 0x0000000002d5d800 Uncommon trap: reason=unstable_if action=reinterpret pc=0x000000000301afa8 method=java.util.regex.Pattern$BnM.match(Ljava/util/regex/Matcher;ILjava/lang/CharSequence;)Z @ 34

Internal exceptions (8 events):
Event: 0.027 Thread 0x0000000002d5d800 Exception <a 'java/lang/NoSuchMethodError': Method sun.misc.Unsafe.defineClass(Ljava/lang/String;[BII)Ljava/lang/Class; name or signature does not match> (0x000000076ab07ca8) thrown at [C:\re\workspace\8-2-build-windows-amd64-cygwin\jdk8u131\8869\hotspot\
Event: 0.027 Thread 0x0000000002d5d800 Exception <a 'java/lang/NoSuchMethodError': Method sun.misc.Unsafe.prefetchRead(Ljava/lang/Object;J)V name or signature does not match> (0x000000076ab07f90) thrown at [C:\re\workspace\8-2-build-windows-amd64-cygwin\jdk8u131\8869\hotspot\src\share\vm\prims
Event: 0.445 Thread 0x000000001ff38000 Implicit null exception at 0x0000000003172722 to 0x000000000317281a
Event: 0.495 Thread 0x000000001fb88000 Implicit null exception at 0x000000000318b345 to 0x000000000318d461
Event: 0.620 Thread 0x000000001fb84800 Implicit null exception at 0x00000000031a639c to 0x00000000031a8039
Event: 0.777 Thread 0x000000001fe4b800 Exception <a 'java/lang/ArrayIndexOutOfBoundsException': 18> (0x000000076cd36328) thrown at [C:\re\workspace\8-2-build-windows-amd64-cygwin\jdk8u131\8869\hotspot\src\share\vm\interpreter\interpreterRuntime.cpp, line 366]
Event: 0.777 Thread 0x000000001fe4b800 Exception <a 'java/lang/ArrayIndexOutOfBoundsException': 145> (0x000000076cd37ea8) thrown at [C:\re\workspace\8-2-build-windows-amd64-cygwin\jdk8u131\8869\hotspot\src\share\vm\interpreter\interpreterRuntime.cpp, line 366]
Event: 0.778 Thread 0x000000001fe4b800 Exception <a 'java/lang/ArrayIndexOutOfBoundsException'> (0x000000076cd39190) thrown at [C:\re\workspace\8-2-build-windows-amd64-cygwin\jdk8u131\8869\hotspot\src\share\vm\runtime\sharedRuntime.cpp, line 605]

Events (10 events):
Event: 2.081 Executing VM operation: ParallelGCFailedAllocation
Event: 2.123 Executing VM operation: ParallelGCFailedAllocation done
Event: 2.190 Thread 0x000000001fb84800 DEOPT PACKING pc=0x0000000003513fdc sp=0x000000002121e780
Event: 2.190 Thread 0x000000001fb84800 DEOPT UNPACKING pc=0x0000000002ea787f sp=0x000000002121e518 mode 0
Event: 2.489 Thread 0x000000001ff38000 DEOPT PACKING pc=0x0000000003506252 sp=0x000000002111edb0
Event: 2.489 Thread 0x000000001ff38000 DEOPT UNPACKING pc=0x0000000002ea787f sp=0x000000002111ebe0 mode 0
Event: 2.527 Executing VM operation: ParallelGCFailedAllocation
Event: 3.035 Executing VM operation: ParallelGCFailedAllocation done
Event: 3.081 Thread 0x000000001fb84800 DEOPT PACKING pc=0x00000000034bfb55 sp=0x000000002121e6f0
Event: 3.081 Thread 0x000000001fb84800 DEOPT UNPACKING pc=0x0000000002ea787f sp=0x000000002121e530 mode 0


Dynamic libraries:
0x00007ff75de10000 - 0x00007ff75de47000 	C:\Program Files\Java\jdk1.8.0_131\bin\java.exe
0x00007ffba7c90000 - 0x00007ffba7e61000 	C:\WINDOWS\SYSTEM32\ntdll.dll
0x00007ffba7090000 - 0x00007ffba713c000 	C:\WINDOWS\System32\KERNEL32.DLL
0x00007ffba45f0000 - 0x00007ffba480d000 	C:\WINDOWS\System32\KERNELBASE.dll
0x00007ffba73f0000 - 0x00007ffba7492000 	C:\WINDOWS\System32\ADVAPI32.dll
0x00007ffba6ff0000 - 0x00007ffba708e000 	C:\WINDOWS\System32\msvcrt.dll
0x00007ffba7c30000 - 0x00007ffba7c89000 	C:\WINDOWS\System32\sechost.dll
0x00007ffba7280000 - 0x00007ffba73a1000 	C:\WINDOWS\System32\RPCRT4.dll
0x00007ffba75a0000 - 0x00007ffba7705000 	C:\WINDOWS\System32\USER32.dll
0x00007ffba4180000 - 0x00007ffba419e000 	C:\WINDOWS\System32\win32u.dll
0x00007ffba7240000 - 0x00007ffba7274000 	C:\WINDOWS\System32\GDI32.dll
0x00007ffba41a0000 - 0x00007ffba4322000 	C:\WINDOWS\System32\gdi32full.dll
0x00007ffb99920000 - 0x00007ffb99b9a000 	C:\WINDOWS\WinSxS\amd64_microsoft.windows.common-controls_6595b64144ccf1df_6.0.14393.953_none_42151e83c686086b\COMCTL32.dll
0x00007ffba67a0000 - 0x00007ffba6a68000 	C:\WINDOWS\System32\combase.dll
0x00007ffba5120000 - 0x00007ffba5215000 	C:\WINDOWS\System32\ucrtbase.dll
0x00007ffba4920000 - 0x00007ffba498a000 	C:\WINDOWS\System32\bcryptPrimitives.dll
0x00007ffba73b0000 - 0x00007ffba73de000 	C:\WINDOWS\System32\IMM32.DLL
0x0000000070530000 - 0x0000000070602000 	C:\Program Files\Java\jdk1.8.0_131\jre\bin\msvcr100.dll
0x000000006fc90000 - 0x000000007052c000 	C:\Program Files\Java\jdk1.8.0_131\jre\bin\server\jvm.dll
0x00007ffba6790000 - 0x00007ffba6798000 	C:\WINDOWS\System32\PSAPI.DLL
0x00007ffb98090000 - 0x00007ffb98099000 	C:\WINDOWS\SYSTEM32\WSOCK32.dll
0x00007ffb9c740000 - 0x00007ffb9c74a000 	C:\WINDOWS\SYSTEM32\VERSION.dll
0x00007ffba2360000 - 0x00007ffba2383000 	C:\WINDOWS\SYSTEM32\WINMM.dll
0x00007ffba7710000 - 0x00007ffba777a000 	C:\WINDOWS\System32\WS2_32.dll
0x00007ffba2330000 - 0x00007ffba235b000 	C:\WINDOWS\SYSTEM32\WINMMBASE.dll
0x00007ffba43d0000 - 0x00007ffba4412000 	C:\WINDOWS\System32\cfgmgr32.dll
0x000000006fc80000 - 0x000000006fc8f000 	C:\Program Files\Java\jdk1.8.0_131\jre\bin\verify.dll
0x000000006fc50000 - 0x000000006fc79000 	C:\Program Files\Java\jdk1.8.0_131\jre\bin\java.dll
0x000000006fc30000 - 0x000000006fc46000 	C:\Program Files\Java\jdk1.8.0_131\jre\bin\zip.dll
0x00007ffba5280000 - 0x00007ffba6788000 	C:\WINDOWS\System32\SHELL32.dll
0x00007ffba4a40000 - 0x00007ffba511a000 	C:\WINDOWS\System32\windows.storage.dll
0x00007ffba4110000 - 0x00007ffba415c000 	C:\WINDOWS\System32\powrprof.dll
0x00007ffba7540000 - 0x00007ffba7592000 	C:\WINDOWS\System32\shlwapi.dll
0x00007ffba4100000 - 0x00007ffba410f000 	C:\WINDOWS\System32\kernel.appcore.dll
0x00007ffba4810000 - 0x00007ffba48b9000 	C:\WINDOWS\System32\shcore.dll
0x00007ffba4160000 - 0x00007ffba4174000 	C:\WINDOWS\System32\profapi.dll

VM Arguments:
jvm_args: -Djava.awt.headless=true -Xmx4g -Dfile.encoding=UTF-8 -Duser.country=US -Duser.language=en -Duser.variant 
java_command: com.android.dx.command.Main --dex --num-threads=4 --multi-dex --main-dex-list C:\Android\Project\Demo2\app\build\intermediates\multi-dex\debug\maindexlist.txt --output C:\Android\Project\Demo2\app\build\intermediates\transforms\dex\debug\folders\1000\1f\main C:\Android\Project\Demo2\app\build\intermediates\transforms\jarMerging\debug\jars\1\1f\combined.jar
java_class_path (initial): C:\Android\sdk\build-tools\25.0.3\lib\dx.jar
Launcher Type: SUN_STANDARD

Environment Variables:
JAVA_HOME=C:\Program Files\Java\jdk1.8.0_131
PATH=C:\ProgramData\Oracle\Java\javapath;C:\WINDOWS\system32;C:\WINDOWS;C:\WINDOWS\System32\Wbem;C:\WINDOWS\System32\WindowsPowerShell\v1.0\;C:\Program Files (x86)\Skype\Phone\;C:\Program Files\Git\cmd;C:\xampp\php\;C:\ProgramData\ComposerSetup\bin;C:\Android\sdk\platform-tools;C:\Android\sdk\tools;C:\Program Files\nodejs\;C:\apache-ant-1.10.1\bin;C:\Program Files (x86)\SSH Communications Security\SSH Secure Shell;C:\Users\Windows 10 Gamer\AppData\Local\Microsoft\WindowsApps;C:\Users\Windows 10 Gamer\AppData\Roaming\Composer\vendor\bin;C:\Users\Windows 10 Gamer\AppData\Roaming\npm
USERNAME=Windows 10 Gamer
OS=Windows_NT
PROCESSOR_IDENTIFIER=Intel64 Family 6 Model 58 Stepping 9, GenuineIntel



---------------  S Y S T E M  ---------------

OS: Windows 10.0 , 64 bit Build 14393 (10.0.14393.1198)

CPU:total 8 (initial active 8) (4 cores per cpu, 2 threads per core) family 6 model 58 stepping 9, cmov, cx8, fxsr, mmx, sse, sse2, sse3, ssse3, sse4.1, sse4.2, popcnt, avx, aes, clmul, erms, ht, tsc, tscinvbit, tscinv

Memory: 4k page, physical 8268464k(1020256k free), swap 14099164k(5684k free)

vm_info: Java HotSpot(TM) 64-Bit Server VM (25.131-b11) for windows-amd64 JRE (1.8.0_131-b11), built on Mar 15 2017 01:23:53 by "java_re" with MS VC++ 10.0 (VS2010)

time: Wed Jun 14 19:29:30 2017
elapsed time: 3 seconds (0d 0h 0m 3s)

